Using pre-set license
Built from '2020.3/staging' branch; Version is '2020.3.4f1 (0abb6314276a) revision 703331'; Using compiler version '192528614'; Build Type 'Release'
OS: 'Windows 10 Pro; OS build 19042.985; Version 2009; 64bit' Language: 'en' Physical Memory: 8059 MB
BatchMode: 1, IsHumanControllingUs: 0, StartBugReporterOnCrash: 0, Is64bit: 1, IsPro: 0

 COMMAND LINE ARGUMENTS:
C:\Program Files\Unity\Hub\Editor\2020.3.4f1\Editor\Unity.exe
-adb2
-batchMode
-noUpm
-name
AssetImportWorker0
-projectPath
C:/Users/pbriu/Documents/Pull
-logFile
Logs/AssetImportWorker0.log
-srvPort
53265
Successfully changed project path to: C:/Users/pbriu/Documents/Pull
C:/Users/pbriu/Documents/Pull
Using Asset Import Pipeline V2.
Refreshing native plugins compatible for Editor in 29.00 ms, found 1 plugins.
Preloading 0 native plugins for Editor in 0.00 ms.
Initialize engine version: 2020.3.4f1 (0abb6314276a)
[Subsystems] Discovering subsystems at path C:/Program Files/Unity/Hub/Editor/2020.3.4f1/Editor/Data/Resources/UnitySubsystems
[Subsystems] Discovering subsystems at path C:/Users/pbriu/Documents/Pull/Assets
GfxDevice: creating device client; threaded=0
Direct3D:
    Version:  Direct3D 11.0 [level 11.1]
    Renderer: NVIDIA GeForce RTX 2060 (ID=0x1f15)
    Vendor:   
    VRAM:     5980 MB
    Driver:   27.21.14.5256
Initialize mono
Mono path[0] = 'C:/Program Files/Unity/Hub/Editor/2020.3.4f1/Editor/Data/Managed'
Mono path[1] = 'C:/Program Files/Unity/Hub/Editor/2020.3.4f1/Editor/Data/MonoBleedingEdge/lib/mono/unityjit'
Mono config path = 'C:/Program Files/Unity/Hub/Editor/2020.3.4f1/Editor/Data/MonoBleedingEdge/etc'
Using monoOptions --debugger-agent=transport=dt_socket,embedding=1,server=y,suspend=n,address=127.0.0.1:56452
Begin MonoManager ReloadAssembly
Registering precompiled unity dll's ...
Register platform support module: C:/Program Files/Unity/Hub/Editor/2020.3.4f1/Editor/Data/PlaybackEngines/WebGLSupport/UnityEditor.WebGL.Extensions.dll
Register platform support module: C:/Program Files/Unity/Hub/Editor/2020.3.4f1/Editor/Data/PlaybackEngines/WindowsStandaloneSupport/UnityEditor.WindowsStandalone.Extensions.dll
Registered in 0.001641 seconds.
Native extension for WindowsStandalone target not found
Native extension for WebGL target not found
Refreshing native plugins compatible for Editor in 29.86 ms, found 1 plugins.
Preloading 0 native plugins for Editor in 0.00 ms.
Mono: successfully reloaded assembly
- Completed reload, in  0.892 seconds
Platform modules already initialized, skipping
Registering precompiled user dll's ...
Registered in 0.000757 seconds.
Begin MonoManager ReloadAssembly
Native extension for WindowsStandalone target not found
Native extension for WebGL target not found
Refreshing native plugins compatible for Editor in 29.16 ms, found 1 plugins.
Preloading 0 native plugins for Editor in 0.00 ms.
Mono: successfully reloaded assembly
- Completed reload, in  0.731 seconds
Platform modules already initialized, skipping
========================================================================
Worker process is ready to serve import requests
Launched and connected shader compiler UnityShaderCompiler.exe after 0.02 seconds
Refreshing native plugins compatible for Editor in 0.35 ms, found 1 plugins.
Preloading 0 native plugins for Editor in 0.00 ms.
Unloading 1825 Unused Serialized files (Serialized files now loaded: 0)
System memory in use before: 85.5 MB.
System memory in use after: 85.4 MB.

Unloading 24 unused Assets to reduce memory usage. Loaded Objects now: 2270.
Total: 2.071400 ms (FindLiveObjects: 0.213700 ms CreateObjectMapping: 0.107200 ms MarkObjects: 1.648400 ms  DeleteObjects: 0.101100 ms)

========================================================================
Received Import Request.
  path: Assets/Scripts/Attacker.cs
  artifactKey: Guid(8baf9e1965f347a43abbaebedae72dcb) Importer(815301076,1909f56bfc062723c751e8b465ee728b)
Start importing Assets/Scripts/Attacker.cs using Guid(8baf9e1965f347a43abbaebedae72dcb) Importer(815301076,1909f56bfc062723c751e8b465ee728b)  -> (artifact id: '740c0bdf7f84eb8e07bd36ee6c40e114') in 0.024343 seconds
  Import took 0.029554 seconds .

========================================================================
Received Import Request.
  Time since last request: 224.862833 seconds.
  path: Assets/Prefabs/Core Game/Main Canvas.prefab
  artifactKey: Guid(571aaa0117d7a6c449f83b2ea704234b) Importer(815301076,1909f56bfc062723c751e8b465ee728b)
Start importing Assets/Prefabs/Core Game/Main Canvas.prefab using Guid(571aaa0117d7a6c449f83b2ea704234b) Importer(815301076,1909f56bfc062723c751e8b465ee728b)  -> (artifact id: '90eaaf67ea448c5224e1ce1c524540ca') in 0.102845 seconds
  Import took 0.106063 seconds .

========================================================================
Received Import Request.
  Time since last request: 357.804960 seconds.
  path: Assets/Prefabs/Core Game/Level Complete Canvas.prefab
  artifactKey: Guid(18bb38a215469cc43afd17aeaba10a3f) Importer(815301076,1909f56bfc062723c751e8b465ee728b)
Start importing Assets/Prefabs/Core Game/Level Complete Canvas.prefab using Guid(18bb38a215469cc43afd17aeaba10a3f) Importer(815301076,1909f56bfc062723c751e8b465ee728b)  -> (artifact id: '4b2614f935b6cf44a7173332496bf73e') in 0.009286 seconds
  Import took 0.013466 seconds .

========================================================================
Received Prepare
Registering precompiled user dll's ...
Registered in 0.000611 seconds.
Begin MonoManager ReloadAssembly
Native extension for WindowsStandalone target not found
Native extension for WebGL target not found
Refreshing native plugins compatible for Editor in 0.32 ms, found 1 plugins.
Preloading 0 native plugins for Editor in 0.00 ms.
Mono: successfully reloaded assembly
- Completed reload, in  0.665 seconds
Platform modules already initialized, skipping
Refreshing native plugins compatible for Editor in 0.32 ms, found 1 plugins.
Preloading 0 native plugins for Editor in 0.00 ms.
Unloading 1820 Unused Serialized files (Serialized files now loaded: 0)
System memory in use before: 88.6 MB.
System memory in use after: 88.6 MB.

Unloading 14 unused Assets to reduce memory usage. Loaded Objects now: 2283.
Total: 1.805300 ms (FindLiveObjects: 0.184300 ms CreateObjectMapping: 0.059900 ms MarkObjects: 1.421100 ms  DeleteObjects: 0.139000 ms)

========================================================================
Received Prepare
Registering precompiled user dll's ...
Registered in 0.000658 seconds.
Begin MonoManager ReloadAssembly
Native extension for WindowsStandalone target not found
Native extension for WebGL target not found
Refreshing native plugins compatible for Editor in 0.31 ms, found 1 plugins.
Preloading 0 native plugins for Editor in 0.00 ms.
Mono: successfully reloaded assembly
- Completed reload, in  0.630 seconds
Platform modules already initialized, skipping
Refreshing native plugins compatible for Editor in 0.32 ms, found 1 plugins.
Preloading 0 native plugins for Editor in 0.00 ms.
Unloading 1820 Unused Serialized files (Serialized files now loaded: 0)
System memory in use before: 88.7 MB.
System memory in use after: 88.6 MB.

Unloading 12 unused Assets to reduce memory usage. Loaded Objects now: 2287.
Total: 5.076800 ms (FindLiveObjects: 0.420100 ms CreateObjectMapping: 0.235900 ms MarkObjects: 4.281700 ms  DeleteObjects: 0.137600 ms)

========================================================================
Received Prepare
Registering precompiled user dll's ...
Registered in 0.000665 seconds.
Begin MonoManager ReloadAssembly
Native extension for WindowsStandalone target not found
Native extension for WebGL target not found
Refreshing native plugins compatible for Editor in 0.32 ms, found 1 plugins.
Preloading 0 native plugins for Editor in 0.00 ms.
Mono: successfully reloaded assembly
- Completed reload, in  0.700 seconds
Platform modules already initialized, skipping
Refreshing native plugins compatible for Editor in 0.32 ms, found 1 plugins.
Preloading 0 native plugins for Editor in 0.00 ms.
Unloading 1820 Unused Serialized files (Serialized files now loaded: 0)
System memory in use before: 88.7 MB.
System memory in use after: 88.7 MB.

Unloading 12 unused Assets to reduce memory usage. Loaded Objects now: 2291.
Total: 3.092100 ms (FindLiveObjects: 0.462800 ms CreateObjectMapping: 0.194100 ms MarkObjects: 2.305900 ms  DeleteObjects: 0.127200 ms)

========================================================================
Received Import Request.
  Time since last request: 792.353163 seconds.
  path: Assets/Scenes/Level 1.unity
  artifactKey: Guid(94e03130bd8b92344a2fc66eb3ac5de1) Importer(815301076,1909f56bfc062723c751e8b465ee728b)
Start importing Assets/Scenes/Level 1.unity using Guid(94e03130bd8b92344a2fc66eb3ac5de1) Importer(815301076,1909f56bfc062723c751e8b465ee728b)  -> (artifact id: 'b2c9adf3ced820c70a8e33f1075a3da7') in 0.017864 seconds
  Import took 0.021329 seconds .

========================================================================
Received Import Request.
  Time since last request: 7.682180 seconds.
  path: Assets/Scenes/Lose Screen.unity
  artifactKey: Guid(e5a3186fbdfb721419df0067fdfe797e) Importer(815301076,1909f56bfc062723c751e8b465ee728b)
Start importing Assets/Scenes/Lose Screen.unity using Guid(e5a3186fbdfb721419df0067fdfe797e) Importer(815301076,1909f56bfc062723c751e8b465ee728b)  -> (artifact id: 'ca221b83d4859786c7831b05b14d21ac') in 0.005696 seconds
  Import took 0.009305 seconds .

========================================================================
Received Import Request.
  Time since last request: 1.211334 seconds.
  path: Assets/Scenes/Level 2.unity
  artifactKey: Guid(3a6439aeea5744f4193f8cdf738e6bb6) Importer(815301076,1909f56bfc062723c751e8b465ee728b)
Start importing Assets/Scenes/Level 2.unity using Guid(3a6439aeea5744f4193f8cdf738e6bb6) Importer(815301076,1909f56bfc062723c751e8b465ee728b)  -> (artifact id: '5e96b54a34a24e10a5adba8280fd7068') in 0.008905 seconds
  Import took 0.012906 seconds .

========================================================================
Received Import Request.
  Time since last request: 0.004651 seconds.
  path: Assets/Scenes/Level 2.unity
  artifactKey: Guid(3a6439aeea5744f4193f8cdf738e6bb6) Importer(815301076,1909f56bfc062723c751e8b465ee728b)
Start importing Assets/Scenes/Level 2.unity using Guid(3a6439aeea5744f4193f8cdf738e6bb6) Importer(815301076,1909f56bfc062723c751e8b465ee728b)  -> (artifact id: '5e96b54a34a24e10a5adba8280fd7068') in 0.003338 seconds
  Import took 0.008005 seconds .

========================================================================
Received Prepare
Registering precompiled user dll's ...
Registered in 0.000937 seconds.
Begin MonoManager ReloadAssembly
Native extension for WindowsStandalone target not found
Native extension for WebGL target not found
Refreshing native plugins compatible for Editor in 0.31 ms, found 1 plugins.
Preloading 0 native plugins for Editor in 0.00 ms.
Mono: successfully reloaded assembly
- Completed reload, in  0.606 seconds
Platform modules already initialized, skipping
Refreshing native plugins compatible for Editor in 0.32 ms, found 1 plugins.
Preloading 0 native plugins for Editor in 0.00 ms.
Unloading 1820 Unused Serialized files (Serialized files now loaded: 0)
System memory in use before: 88.7 MB.
System memory in use after: 88.7 MB.

Unloading 12 unused Assets to reduce memory usage. Loaded Objects now: 2295.
Total: 4.890700 ms (FindLiveObjects: 0.720200 ms CreateObjectMapping: 0.279900 ms MarkObjects: 3.724900 ms  DeleteObjects: 0.163000 ms)

AssetImportWorkerClient::OnTransportError - code=2 error=End of file
